[debug] [2026-03-14T03:38:29.523Z] ----------------------------------------------------------------------
[debug] [2026-03-14T03:38:29.530Z] Command:       /usr/local/bin/node /usr/local/bin/firebase auth:import
[debug] [2026-03-14T03:38:29.531Z] CLI Version:   15.10.0
[debug] [2026-03-14T03:38:29.531Z] Platform:      darwin
[debug] [2026-03-14T03:38:29.531Z] Node Version:  v24.12.0
[debug] [2026-03-14T03:38:29.531Z] Time:          Sat Mar 14 2026 03:38:29 GMT+0000 (Greenwich Mean Time)
[debug] [2026-03-14T03:38:29.531Z] ----------------------------------------------------------------------
[debug] 
[debug] [2026-03-14T03:38:29.809Z] > command requires scopes: ["email","openid","https://www.googleapis.com/auth/cloudplatformprojects.readonly","https://www.googleapis.com/auth/firebase","https://www.googleapis.com/auth/cloud-platform"]
[debug] [2026-03-14T03:38:29.809Z] > authorizing via signed-in user (niarefatoumata169@gmail.com)
[debug] [2026-03-14T03:38:29.809Z] [iam] checking project pulse-business-e1237 for permissions ["firebase.projects.get","firebaseauth.users.create","firebaseauth.users.update"]
[debug] [2026-03-14T03:38:29.810Z] Checked if tokens are valid: true, expires at: 1773462248799
[debug] [2026-03-14T03:38:29.811Z] Checked if tokens are valid: true, expires at: 1773462248799
[debug] [2026-03-14T03:38:29.811Z] >>> [apiv2][query] POST https://cloudresourcemanager.googleapis.com/v1/projects/pulse-business-e1237:testIamPermissions [none]
[debug] [2026-03-14T03:38:29.812Z] >>> [apiv2][(partial)header] POST https://cloudresourcemanager.googleapis.com/v1/projects/pulse-business-e1237:testIamPermissions  x-goog-user-project=pulse-business-e1237
[debug] [2026-03-14T03:38:29.812Z] >>> [apiv2][body] POST https://cloudresourcemanager.googleapis.com/v1/projects/pulse-business-e1237:testIamPermissions {"permissions":["firebase.projects.get","firebaseauth.users.create","firebaseauth.users.update"]}
[debug] [2026-03-14T03:38:30.273Z] <<< [apiv2][status] POST https://cloudresourcemanager.googleapis.com/v1/projects/pulse-business-e1237:testIamPermissions 200
[debug] [2026-03-14T03:38:30.273Z] <<< [apiv2][body] POST https://cloudresourcemanager.googleapis.com/v1/projects/pulse-business-e1237:testIamPermissions {"permissions":["firebase.projects.get","firebaseauth.users.create","firebaseauth.users.update"]}
[warn] ⚠  No hash algorithm specified. Password users cannot be imported. 
[debug] [2026-03-14T03:38:30.577Z] TypeError: Cannot read properties of undefined (reading 'endsWith')
    at Command.actionFn (/usr/local/lib/node_modules/firebase-tools/lib/commands/auth-import.js:37:19)
    at /usr/local/lib/node_modules/firebase-tools/lib/command.js:266:25
    at process.processTicksAndRejections (node:internal/process/task_queues:103:5)
[error] 
[error] Error: An unexpected error has occurred.
